<?xml version="1.0" encoding="UTF-8" ?>
<testsuite failures="0" time="1.522" errors="0" skipped="0" tests="1" name="com.carffrey.test.VenueTest">
  <properties>
    <property name="java.vendor" value="IBM Corporation"/>
    <property name="sun.java.launcher" value="SUN_STANDARD"/>
    <property name="os.name" value="Windows 7"/>
    <property name="sun.boot.class.path" value="C:\Program Files\IBM\Java71\jre\bin\compressedrefs\jclSC170\vm.jar;C:\Program Files\IBM\Java71\jre\lib\se-service.jar;C:\Program Files\IBM\Java71\jre\lib\math.jar;C:\Program Files\IBM\Java71\jre\lib\jlm.jar;C:\Program Files\IBM\Java71\jre\lib\ibmorb.jar;C:\Program Files\IBM\Java71\jre\lib\ibmorbapi.jar;C:\Program Files\IBM\Java71\jre\lib\ibmcfw.jar;C:\Program Files\IBM\Java71\jre\lib\ibmpkcs.jar;C:\Program Files\IBM\Java71\jre\lib\ibmcertpathfw.jar;C:\Program Files\IBM\Java71\jre\lib\ibmjgssfw.jar;C:\Program Files\IBM\Java71\jre\lib\ibmjssefw.jar;C:\Program Files\IBM\Java71\jre\lib\ibmsaslfw.jar;C:\Program Files\IBM\Java71\jre\lib\ibmjcefw.jar;C:\Program Files\IBM\Java71\jre\lib\ibmjgssprovider.jar;C:\Program Files\IBM\Java71\jre\lib\ibmjsseprovider2.jar;C:\Program Files\IBM\Java71\jre\lib\ibmcertpathprovider.jar;C:\Program Files\IBM\Java71\jre\lib\xmldsigfw.jar;C:\Program Files\IBM\Java71\jre\lib\xml.jar;C:\Program Files\IBM\Java71\jre\lib\charsets.jar;C:\Program Files\IBM\Java71\jre\lib\resources.jar;C:\Program Files\IBM\Java71\jre\lib\rt.jar;C:\Program Files\IBM\Java71\jre\lib\dataaccess.jar"/>
    <property name="sun.desktop" value="windows"/>
    <property name="java.vm.specification.vendor" value="Sun Microsystems Inc."/>
    <property name="java.runtime.version" value="pwa6470_27-20131115_04"/>
    <property name="user.name" value="dimascio"/>
    <property name="java.compiler" value="j9jit27"/>
    <property name="os.encoding" value="UTF8"/>
    <property name="guice.disable.misplaced.annotation.check" value="true"/>
    <property name="com.ibm.util.extralibs.properties" value=""/>
    <property name="com.ibm.jcl.checkClassPath" value=""/>
    <property name="user.language" value="en"/>
    <property name="com.ibm.oti.vm.bootstrap.library.path" value="C:\Program Files\IBM\Java71\jre\bin\compressedrefs;C:\Program Files\IBM\Java71\jre\bin"/>
    <property name="sun.boot.library.path" value="C:\Program Files\IBM\Java71\jre\bin\compressedrefs;C:\Program Files\IBM\Java71\jre\bin"/>
    <property name="classworlds.conf" value="C:\Data\Workspaces\Gig\.metadata\.plugins\org.eclipse.m2e.launching\launches\m2conf5798923794426306069.tmp"/>
    <property name="java.version" value="1.7.0"/>
    <property name="user.timezone" value="America/New_York"/>
    <property name="com.ibm.system.agent.path" value="C:\Program Files\IBM\Java71\jre\bin"/>
    <property name="sun.arch.data.model" value="64"/>
    <property name="com.ibm.zero.version" value="2"/>
    <property name="java.endorsed.dirs" value="C:\Program Files\IBM\Java71\jre\lib\endorsed"/>
    <property name="com.ibm.oti.vm.library.version" value="27"/>
    <property name="sun.jnu.encoding" value="Cp1252"/>
    <property name="file.encoding.pkg" value="sun.io"/>
    <property name="file.separator" value="\"/>
    <property name="java.specification.name" value="Java Platform API Specification"/>
    <property name="com.ibm.packed.version" value="2"/>
    <property name="java.class.version" value="51.0"/>
    <property name="user.country" value="US"/>
    <property name="java.home" value="C:\Program Files\IBM\Java71\jre"/>
    <property name="java.vm.info" value="JRE 1.7.0 Windows 7 amd64-64 Compressed References 20131114_175264 (JIT enabled, AOT enabled)
J9VM - R27_Java727_GA_20131114_0833_B175264
JIT  - tr.r13.java_20131113_50523
GC   - R27_Java727_GA_20131114_0833_B175264_CMPRSS
J9CL - 20131114_175264"/>
    <property name="os.version" value="6.1"/>
    <property name="path.separator" value=";"/>
    <property name="java.vm.version" value="2.7"/>
    <property name="user.variant" value=""/>
    <property name="java.awt.printerjob" value="sun.awt.windows.WPrinterJob"/>
    <property name="sun.io.unicode.encoding" value="UnicodeLittle"/>
    <property name="awt.toolkit" value="sun.awt.windows.WToolkit"/>
    <property name="ibm.signalhandling.sigint" value="true"/>
    <property name="user.home" value="C:\Users\IBM_ADMIN"/>
    <property name="com.ibm.cpu.endian" value="little"/>
    <property name="java.specification.vendor" value="Sun Microsystems Inc."/>
    <property name="ibm.signalhandling.sigchain" value="true"/>
    <property name="java.library.path" value="C:\Program Files\IBM\Java71\jre\bin\compressedrefs;C:\Program Files\IBM\Java71\jre\bin;C:\windows\system32;C:\windows;C:\Program Files (x86)\IBM\RationalSDLC\common;C:\Program Files (x86)\IBM\RationalSDLC\common;C:\windows\system32;C:\windows;C:\windows\System32\Wbem;C:\windows\System32\WindowsPowerShell\v1.0\;C:\Program Files\IBM\Infoprint Select;C:\Program Files\ThinkPad\Bluetooth Software\;C:\Program Files\ThinkPad\Bluetooth Software\syswow64;C:\Program Files\Intel\WiFi\bin\;C:\Program Files\Common Files\Intel\WirelessCommon\;C:\Program Files (x86)\Lenovo\Access Connections\;C:\Program Files (x86)\Common Files\Roxio Shared\DLLShared\;C:\Program Files (x86)\Common Files\Roxio Shared\DLLShared\;C:\Program Files (x86)\Common Files\Roxio Shared\13.0\DLLShared\;C:\Program Files (x86)\IBM\RationalSDLC\ClearCase\bin;C:\Program Files (x86)\IBM\gsk8\lib;C:\Program Files (x86)\IBM\gsk8\bin;C:\Program Files (x86)\IBM\RationalSDLC\ClearCase\bin;C:\Program Files (x86)\IBM\gsk8\lib;C:\Program Files (x86)\IBM\gsk8\bin;C:\Program Files\Microsoft\Web Platform Installer\;C:\Program Files (x86)\Microsoft ASP.NET\ASP.NET Web Pages\v1.0\;C:\Program Files (x86)\Windows Kits\8.0\Windows Performance Toolkit\;C:\Program Files\Microsoft SQL Server\110\Tools\Binn\;C:\Program Files (x86)\scala\\bin;C:\Program Files\Intel\WiFi\bin\;C:\Program Files\Common Files\Intel\WirelessCommon\;&quot;C:\Program Files\Sublime Text 2&quot;"/>
    <property name="java.vendor.url" value="http://www.ibm.com/"/>
    <property name="java.vm.vendor" value="IBM Corporation"/>
    <property name="java.fullversion" value="JRE 1.7.0 IBM J9 2.7 Windows 7 amd64-64 Compressed References 20131114_175264 (JIT enabled, AOT enabled)
J9VM - R27_Java727_GA_20131114_0833_B175264
JIT  - tr.r13.java_20131113_50523
GC   - R27_Java727_GA_20131114_0833_B175264_CMPRSS
J9CL - 20131114_175264"/>
    <property name="maven.home" value="C:\Users\IBM_ADMIN\git\gig\rest-api\EMBEDDED"/>
    <property name="java.runtime.name" value="Java(TM) SE Runtime Environment"/>
    <property name="sun.java.command" value="org.codehaus.plexus.classworlds.launcher.Launcher -B install"/>
    <property name="java.class.path" value="/C:/Data/Applications/eclipse/configuration/org.eclipse.osgi/bundles/454/1/.cp/jars/plexus-classworlds-2.4.jar"/>
    <property name="java.vm.specification.name" value="Java Virtual Machine Specification"/>
    <property name="java.vm.specification.version" value="1.0"/>
    <property name="sun.cpu.endian" value="little"/>
    <property name="java.io.tmpdir" value="C:\Users\IBM_AD~1\AppData\Local\Temp\"/>
    <property name="ibm.system.encoding" value="Cp1252"/>
    <property name="os.arch" value="amd64"/>
    <property name="java.awt.graphicsenv" value="sun.awt.Win32GraphicsEnvironment"/>
    <property name="ibm.signalhandling.rs" value="false"/>
    <property name="java.ext.dirs" value="C:\Program Files\IBM\Java71\jre\lib\ext"/>
    <property name="user.dir" value="C:\Users\IBM_ADMIN\git\gig\rest-api"/>
    <property name="line.separator" value="
"/>
    <property name="java.vm.name" value="IBM J9 VM"/>
    <property name="com.ibm.oti.shared.enabled" value="false"/>
    <property name="com.ibm.vm.bitmode" value="64"/>
    <property name="file.encoding" value="Cp1252"/>
    <property name="com.ibm.oti.jcl.build" value="20131114_175264"/>
    <property name="java.specification.version" value="1.7"/>
    <property name="com.ibm.oti.configuration" value="scar"/>
    <property name="maven.bootclasspath" value="/C:/Data/Applications/eclipse/configuration/org.eclipse.osgi/bundles/454/1/.cp/jars/plexus-classworlds-2.4.jar"/>
  </properties>
  <testcase time="0.036" classname="com.carffrey.test.VenueTest" name="venueTest"/>
</testsuite>